Application started at: 2024-10-26T10:31:38.606Z
Application started at: 2024-10-26T10:54:28.450Z
OS hostname: DESKTOP-HBM9IJC
Application started at: 2024-10-26T10:58:44.290Z
OS hostname: C:\Users\SIDHARTHA
Application started at: 2024-10-26T11:06:14.641Z
OS hostname: win32
Application started at: 2024-10-26T11:07:57.562Z
OS Platform: win32
Application started at: 2024-10-26T11:09:34.689Z
OS Platform: win32
Application started at: function toLocaleString() { [native code] }
OS Platform: win32
Application started at: function toLocaleString() { [native code] }
OS Platform: win32
Application started at: function toLocaleString() { [native code] }
OS Platform: win32
Application started at: function getFullYear() { [native code] }
OS Platform: win32
Application started at: undefined
OS Platform: win32
Application started at: function toUTCString() { [native code] }
OS Platform: win32
Application started at: function toISOString() { [native code] }
OS Platform: win32
Application started at: 26/10/2024, 4:46:47 pm
OS Platform: win32
Application started at: IND ==> 26 Oct 2024, 4:58 pm
OS Platform: win32
Application started at: USA ==> 26 Oct 2024, 7:28 am
OS Platform: win32
Application started at: UK ==> 26 Oct 2024, 12:28 pm
OS Platform: win32
Application started at: IND ==> 26 Oct 2024, 5:10 pm
OS Platform: win32
Application started at: [IND] 26 Oct 2024, 5:12 pm
OS Platform: win32
Application started at: [IND] 26/10/2024
OS Platform: win32
Application started at: [IND] 26/10/2024function getTime() { [native code] }
OS Platform: win32
Application started at: [IND] 26/10/2024
OS Platform: win32
Application started at: [IND] 26 Oct 2024, 5:18 pm
OS Platform: win32
Application started at: [INFO] 26/10/2024, 5:20:51 pm
OS Platform: win32
Application started at: [INFO] 26/10/2024, 5:21:51 pm
OS Platform: win32
Application started at: [INFO] 23/11/2024, 11:06:32 am
OS Platform: win32
Application started at: [INFO] 23/11/2024, 11:27:54 am
OS Platform: win32
Application started at: [INFO] 23/11/2024, 11:49:19 am
OS Platform: win32
Application started at: [INFO] 23/11/2024, 11:55:24 am
OS Platform: win32
Application started at: [INFO] 23/11/2024, 12:40:54 pm
Application started at: [INFO] 23/11/2024, 12:42:25 pm
Application started at: [INFO] 23/11/2024, 1:22:08 pm
